<?xml version="1.0" encoding="UTF-8"?>
<!-- Generated by org.testng.reporters.JUnitReportReporter -->
<testsuite skipped="0" hostname="jyo.local" name="TestNGOnePack.ClassOne" tests="1" failures="0" timestamp="08 Mar 2018 18:40:49 GMT" time="8.014" errors="0">
  <testcase name="testmethodone" time="8.014" classname="TestNGOnePack.ClassOne"/>
</testsuite> <!-- TestNGOnePack.ClassOne -->
