<?xml version="1.0" encoding="UTF-8"?>
<!-- Generated by org.testng.reporters.JUnitReportReporter -->
<testsuite skipped="0" hostname="jyo.local" name="package1.logintest" tests="3" failures="0" timestamp="10 Mar 2018 13:57:36 GMT" time="17.158" errors="0">
  <testcase name="testmethodone" time="2.812" classname="package1.logintest"/>
  <testcase name="logout" time="7.307" classname="package1.logintest"/>
  <testcase name="login" time="7.039" classname="package1.logintest"/>
</testsuite> <!-- package1.logintest -->
