<?xml version="1.0" encoding="UTF-8"?>
<!-- Generated by org.testng.reporters.JUnitReportReporter -->
<testsuite skipped="0" hostname="jyo.local" name="package1.loginLogout_diffrentcredentail" tests="5" failures="0" timestamp="10 Mar 2018 16:59:48 GMT" time="37.455" errors="0">
  <testcase name="login" time="7.087" classname="package1.loginLogout_diffrentcredentail"/>
  <testcase name="login" time="6.870" classname="package1.loginLogout_diffrentcredentail"/>
  <testcase name="testmethodone" time="11.360" classname="package1.loginLogout_diffrentcredentail"/>
  <testcase name="login" time="6.035" classname="package1.loginLogout_diffrentcredentail"/>
  <testcase name="login" time="6.103" classname="package1.loginLogout_diffrentcredentail"/>
</testsuite> <!-- package1.loginLogout_diffrentcredentail -->
