<?xml version="1.0" encoding="UTF-8"?>
<!-- Generated by org.testng.reporters.JUnitReportReporter -->
<testsuite skipped="0" hostname="jyo.local" name="package2.logintest" tests="3" failures="0" timestamp="10 Mar 2018 13:57:36 GMT" time="16.095" errors="0">
  <testcase name="logout" time="7.465" classname="package2.logintest"/>
  <testcase name="testmethodone" time="3.633" classname="package2.logintest"/>
  <testcase name="login" time="4.997" classname="package2.logintest"/>
</testsuite> <!-- package2.logintest -->
