<?xml version="1.0" encoding="UTF-8"?>
<!-- Generated by org.testng.reporters.JUnitReportReporter -->
<testsuite skipped="0" hostname="jyo.local" name="scripts.Flightfinder" tests="2" failures="0" timestamp="09 Mar 2018 16:49:54 GMT" time="24.084" errors="0">
  <testcase name="flightbooking" time="18.689" classname="scripts.Flightfinder"/>
  <testcase name="testmethodone" time="5.395" classname="scripts.Flightfinder"/>
</testsuite> <!-- scripts.Flightfinder -->
