<?xml version="1.0" encoding="UTF-8"?>
<!-- Generated by org.testng.reporters.JUnitReportReporter -->
<testsuite skipped="0" hostname="jyo.local" name="package2_scripts.dummy" tests="2" failures="0" timestamp="10 Mar 2018 20:46:00 GMT" time="2.873" errors="0">
  <testcase name="Login" time="1.816" classname="package2_scripts.dummy"/>
  <testcase name="logout" time="1.057" classname="package2_scripts.dummy"/>
</testsuite> <!-- package2_scripts.dummy -->
