<?xml version="1.0" encoding="UTF-8"?>
<!-- Generated by org.testng.reporters.JUnitReportReporter -->
<testsuite skipped="0" hostname="jyo.local" name="scripts.TestCreateAccount" tests="2" failures="0" timestamp="10 Mar 2018 13:57:36 GMT" time="12.041" errors="0">
  <testcase name="create_account" time="9.554" classname="scripts.TestCreateAccount"/>
  <testcase name="testmethodone" time="2.487" classname="scripts.TestCreateAccount"/>
</testsuite> <!-- scripts.TestCreateAccount -->
