<?xml version="1.0" encoding="UTF-8"?>
<!-- Generated by org.testng.reporters.JUnitReportReporter -->
<testsuite skipped="0" hostname="jyo.local" name="scripts.TestFlightfinder" tests="2" failures="0" timestamp="10 Mar 2018 13:57:36 GMT" time="10.643" errors="0">
  <testcase name="flightbooking" time="6.554" classname="scripts.TestFlightfinder"/>
  <testcase name="testmethodone" time="4.089" classname="scripts.TestFlightfinder"/>
</testsuite> <!-- scripts.TestFlightfinder -->
