<?xml version="1.0" encoding="UTF-8"?>
<!-- Generated by org.testng.reporters.JUnitReportReporter -->
<testsuite skipped="0" hostname="jyo.local" name="scripts.logintest" tests="3" failures="0" timestamp="10 Mar 2018 13:57:36 GMT" time="21.643" errors="0">
  <testcase name="login" time="6.304" classname="scripts.logintest"/>
  <testcase name="logout" time="9.193" classname="scripts.logintest"/>
  <testcase name="testmethodone" time="6.146" classname="scripts.logintest"/>
</testsuite> <!-- scripts.logintest -->
