<?xml version="1.0" encoding="UTF-8"?>
<!-- Generated by org.testng.reporters.JUnitReportReporter -->
<testsuite skipped="0" hostname="jyo.local" name="Base_class.TestBaseSetup" tests="1" failures="0" timestamp="10 Mar 2018 13:57:36 GMT" time="11.464" errors="0">
  <testcase name="testmethodone" time="11.464" classname="Base_class.TestBaseSetup"/>
</testsuite> <!-- Base_class.TestBaseSetup -->
