<?xml version="1.0" encoding="UTF-8"?>
<!-- Generated by org.testng.reporters.JUnitReportReporter -->
<testsuite skipped="0" hostname="jyo.local" name="tuto1.timestamp" tests="1" failures="0" timestamp="09 Mar 2018 20:06:29 GMT" time="0.048" errors="0">
  <testcase name="email_user" time="0.048" classname="tuto1.timestamp"/>
</testsuite> <!-- tuto1.timestamp -->
