<?xml version="1.0" encoding="UTF-8"?>
<!-- Generated by org.testng.reporters.JUnitReportReporter -->
<testsuite skipped="0" hostname="jyo.local" name="package1_scripts.loginLogout_diffrentcredentail" tests="5" failures="0" timestamp="10 Mar 2018 20:28:51 GMT" time="18.774" errors="0">
  <testcase name="login" time="4.485" classname="package1_scripts.loginLogout_diffrentcredentail"/>
  <testcase name="testtitle" time="0.042" classname="package1_scripts.loginLogout_diffrentcredentail"/>
  <testcase name="login" time="4.008" classname="package1_scripts.loginLogout_diffrentcredentail"/>
  <testcase name="login" time="5.972" classname="package1_scripts.loginLogout_diffrentcredentail"/>
  <testcase name="login" time="4.267" classname="package1_scripts.loginLogout_diffrentcredentail"/>
</testsuite> <!-- package1_scripts.loginLogout_diffrentcredentail -->
